DEBUG:asyncio:Using selector: KqueueSelector
INFO:root:Cogs loading... This may take some time!
INFO:root:Cogs loading... This may take some time!
INFO:root:Cogs loading... This may take some time!
INFO:root:Cogs loaded successfully...
INFO:root:smile.py cog is loaded!
INFO:root:Cogs loaded successfully...
INFO:root:Cogs loading... This may take some time!
INFO:root:Cogs loading... This may take some time!
INFO:root:Cogs loaded successfully...
INFO:root:ban.py cog is loaded!
INFO:root:Cogs loaded successfully...
INFO:root:Cogs loaded successfully...
INFO:root:Bot is initializing...
INFO:discord.client:logging in using static token
DEBUG:discord.http:GET https://discord.com/api/v7/users/@me with None has returned 200
DEBUG:discord.http:GET https://discord.com/api/v7/users/@me has received {'id': '908040449082679296', 'username': 'Sour Lemon', 'avatar': None, 'discriminator': '7423', 'public_flags': 0, 'flags': 0, 'bot': True, 'banner': None, 'banner_color': None, 'accent_color': None, 'bio': '', 'locale': 'en-US', 'mfa_enabled': True, 'email': None, 'verified': True}
DEBUG:discord.http:GET https://discord.com/api/v7/gateway with None has returned 200
DEBUG:discord.http:GET https://discord.com/api/v7/gateway has received {'url': 'wss://gateway.discord.gg'}
DEBUG:discord.gateway:Created websocket connected to wss://gateway.discord.gg?encoding=json&v=6&compress=zlib-stream
DEBUG:discord.client:Dispatching event socket_raw_receive
DEBUG:discord.gateway:For Shard ID None: WebSocket Event: {'t': None, 's': None, 'op': 10, 'd': {'heartbeat_interval': 41250, '_trace': ['["gateway-prd-main-d28m",{"micros":0.0}]']}}
DEBUG:discord.client:Dispatching event socket_response
DEBUG:discord.client:Dispatching event socket_raw_send
DEBUG:discord.client:Dispatching event socket_raw_send
INFO:discord.gateway:Shard ID None has sent the IDENTIFY payload.
DEBUG:discord.client:Dispatching event socket_raw_receive
DEBUG:discord.gateway:For Shard ID None: WebSocket Event: {'t': None, 's': None, 'op': 11, 'd': None}
DEBUG:discord.client:Dispatching event socket_response
DEBUG:discord.client:Dispatching event socket_raw_receive
DEBUG:discord.gateway:For Shard ID None: WebSocket Event: {'t': 'READY', 's': 1, 'op': 0, 'd': {'v': 6, 'user_settings': {}, 'user': {'verified': True, 'username': 'Sour Lemon', 'mfa_enabled': True, 'id': '908040449082679296', 'flags': 0, 'email': None, 'discriminator': '7423', 'bot': True, 'avatar': None}, 'session_id': '5eb7d8bef25cb2ff5c48d550eb941cc5', 'relationships': [], 'private_channels': [], 'presences': [], 'guilds': [{'unavailable': True, 'id': '908040005962833950'}], 'guild_join_requests': [], 'geo_ordered_rtc_regions': ['milan', 'russia', 'st-pete', 'stockholm', 'rotterdam'], 'application': {'id': '908040449082679296', 'flags': 262144}, '_trace': ['["gateway-prd-main-d28m",{"micros":55946,"calls":["discord-sessions-green-prd-2-22",{"micros":54975,"calls":["start_session",{"micros":41074,"calls":["api-prd-main-bxvf",{"micros":36323,"calls":["get_user",{"micros":3199},"add_authorized_ip",{"micros":1301},"get_guilds",{"micros":2948},"coros_wait",{"micros":0}]}]},"guilds_connect",{"micros":2,"calls":[]},"presence_connect",{"micros":1959,"calls":[]}]}]}]']}}
DEBUG:discord.client:Dispatching event socket_response
INFO:discord.gateway:Shard ID None has connected to Gateway: ["gateway-prd-main-d28m",{"micros":55946,"calls":["discord-sessions-green-prd-2-22",{"micros":54975,"calls":["start_session",{"micros":41074,"calls":["api-prd-main-bxvf",{"micros":36323,"calls":["get_user",{"micros":3199},"add_authorized_ip",{"micros":1301},"get_guilds",{"micros":2948},"coros_wait",{"micros":0}]}]},"guilds_connect",{"micros":2,"calls":[]},"presence_connect",{"micros":1959,"calls":[]}]}]}] (Session ID: 5eb7d8bef25cb2ff5c48d550eb941cc5).
DEBUG:discord.client:Dispatching event connect
DEBUG:discord.client:Dispatching event socket_raw_receive
DEBUG:discord.gateway:For Shard ID None: WebSocket Event: {'t': 'GUILD_CREATE', 's': 2, 'op': 0, 'd': {'system_channel_id': '908040005962833953', 'splash': None, 'guild_scheduled_events': [], 'premium_subscription_count': 0, 'discovery_splash': None, 'name': 'LemonBot', 'owner_id': '468771911581827072', 'explicit_content_filter': 0, 'premium_progress_bar_enabled': False, 'description': None, 'preferred_locale': 'en-US', 'max_members': 250000, 'application_command_count': 0, 'lazy': True, 'emojis': [], 'embedded_activities': [], 'roles': [{'unicode_emoji': None, 'position': 0, 'permissions_new': '1071698660929', 'permissions': 104320577, 'name': '@everyone', 'mentionable': False, 'managed': False, 'id': '908040005962833950', 'icon': None, 'hoist': False, 'color': 0}, {'unicode_emoji': None, 'tags': {'bot_id': '908040449082679296'}, 'position': 1, 'permissions_new': '535259769942', 'permissions': 536341590, 'name': 'Sour Lemon', 'mentionable': False, 'managed': True, 'id': '908041548728504331', 'icon': None, 'hoist': False, 'color': 0}, {'unicode_emoji': None, 'tags': {'bot_id': '408785106942164992'}, 'position': 1, 'permissions_new': '1074120776', 'permissions': 1074120776, 'name': 'OwO', 'mentionable': False, 'managed': True, 'id': '912801457923842070', 'icon': None, 'hoist': False, 'color': 0}], 'joined_at': '2021-11-10T17:12:55.874000+00:00', 'mfa_level': 0, 'region': 'deprecated', 'rules_channel_id': None, 'stage_instances': [], 'large': False, 'hub_type': None, 'default_message_notifications': 0, 'premium_tier': 0, 'icon': None, 'nsfw_level': 0, 'system_channel_flags': 0, 'threads': [], 'members': [{'user': {'username': 'Sour Lemon', 'id': '908040449082679296', 'discriminator': '7423', 'bot': True, 'avatar': None}, 'roles': ['908041548728504331'], 'mute': False, 'joined_at': '2021-11-10T17:12:55.874000+00:00', 'hoisted_role': None, 'deaf': False}], 'stickers': [], 'features': [], 'application_id': None, 'verification_level': 0, 'afk_timeout': 300, 'presences': [], 'channels': [{'type': 4, 'position': 0, 'permission_overwrites': [], 'name': 'Metin Kanalları', 'id': '908040005962833951'}, {'type': 4, 'position': 0, 'permission_overwrites': [], 'name': 'Ses Kanalları', 'id': '908040005962833952'}, {'type': 0, 'topic': None, 'rate_limit_per_user': 0, 'position': 0, 'permission_overwrites': [], 'parent_id': '908040005962833951', 'name': 'genel', 'last_message_id': '922214689201594408', 'id': '908040005962833953'}, {'user_limit': 0, 'type': 2, 'rtc_region': None, 'rate_limit_per_user': 0, 'position': 0, 'permission_overwrites': [], 'parent_id': '908040005962833952', 'name': 'Genel', 'last_message_id': None, 'id': '908040005962833954', 'bitrate': 64000}], 'member_count': 3, 'guild_hashes': {'version': 1, 'roles': {'omitted': False, 'hash': 'NeZa3735hA4'}, 'metadata': {'omitted': False, 'hash': 'pfMALVCHqdw'}, 'channels': {'omitted': False, 'hash': 'hKcC2YcnTN8'}}, 'id': '908040005962833950', 'banner': None, 'vanity_url_code': None, 'max_video_channel_users': 25, 'unavailable': False, 'afk_channel_id': None, 'voice_states': [], 'public_updates_channel_id': None, 'application_command_counts': {'3': 0, '2': 0, '1': 0}, 'nsfw': False}}
DEBUG:discord.client:Dispatching event socket_response
DEBUG:discord.client:Dispatching event guild_available
DEBUG:discord.client:Dispatching event ready
DEBUG:discord.gateway:Keeping shard ID None websocket alive with sequence 2.
DEBUG:discord.client:Dispatching event socket_raw_receive
DEBUG:discord.gateway:For Shard ID None: WebSocket Event: {'t': None, 's': None, 'op': 11, 'd': None}
DEBUG:discord.client:Dispatching event socket_response
DEBUG:discord.gateway:Keeping shard ID None websocket alive with sequence 2.
DEBUG:discord.client:Dispatching event socket_raw_receive
DEBUG:discord.gateway:For Shard ID None: WebSocket Event: {'t': None, 's': None, 'op': 11, 'd': None}
DEBUG:discord.client:Dispatching event socket_response
DEBUG:discord.gateway:Keeping shard ID None websocket alive with sequence 2.
DEBUG:discord.client:Dispatching event socket_raw_receive
DEBUG:discord.gateway:For Shard ID None: WebSocket Event: {'t': None, 's': None, 'op': 11, 'd': None}
DEBUG:discord.client:Dispatching event socket_response
INFO:discord.client:Cleaning up tasks.
INFO:discord.client:Cleaning up after 1 tasks.
INFO:discord.client:All tasks finished cancelling.
INFO:discord.client:Closing the event loop.
2021-12-19 23:06:49,202 - Cogs loading... This may take some time!
2021-12-19 23:06:49,202 - Cogs loading... This may take some time!
2021-12-19 23:06:49,203 - Cogs loading... This may take some time!
2021-12-19 23:06:49,203 - Cogs loaded successfully...
2021-12-19 23:06:49,204 - smile.py cog is loaded!
2021-12-19 23:06:49,204 - Cogs loaded successfully...
2021-12-19 23:06:49,204 - Cogs loading... This may take some time!
2021-12-19 23:06:49,204 - Cogs loading... This may take some time!
2021-12-19 23:06:49,204 - Cogs loaded successfully...
2021-12-19 23:06:49,205 - ban.py cog is loaded!
2021-12-19 23:06:49,205 - Cogs loaded successfully...
2021-12-19 23:06:49,205 - Cogs loaded successfully...
2021-12-19 23:06:49,205 - Bot is initializing...
2021-12-19 23:06:49,205 - logging in using static token
2021-12-19 23:06:50,044 - Shard ID None has sent the IDENTIFY payload.
2021-12-19 23:06:50,355 - Shard ID None has connected to Gateway: ["gateway-prd-main-hxjl",{"micros":111551,"calls":["discord-sessions-green-prd-2-23",{"micros":110629,"calls":["start_session",{"micros":101026,"calls":["api-prd-main-sn5k",{"micros":88992,"calls":["get_user",{"micros":10475},"add_authorized_ip",{"micros":3970},"get_guilds",{"micros":12167},"coros_wait",{"micros":2}]}]},"guilds_connect",{"micros":2,"calls":[]},"presence_connect",{"micros":7084,"calls":[]}]}]}] (Session ID: 5c103e3fb1da7c1c80ad0e66d52e2db8).
2021-12-19 23:07:39,999 - Cleaning up tasks.
2021-12-19 23:07:39,999 - Cleaning up after 1 tasks.
2021-12-19 23:07:40,001 - All tasks finished cancelling.
2021-12-19 23:07:40,001 - Closing the event loop.
